<?xml version="1.0" encoding="UTF-8"?>
<!-- Generated by org.testng.reporters.JUnitXMLReporter -->
<testsuite hostname="DESKTOP-7155NU9" ignored="0" name="Default test" tests="4" failures="0" timestamp="2023-01-07T14:07:45 IST" time="0.184" errors="0">
  <testcase name="testMethod5" time="0.028" classname="parallelexecution.parallelexeccution2"/>
  <testcase name="testMethod6" time="0.003" classname="parallelexecution.parallelexeccution2"/>
  <testcase name="testMethod7" time="0.003" classname="parallelexecution.parallelexeccution2"/>
  <testcase name="testMethod8" time="0.004" classname="parallelexecution.parallelexeccution2"/>
</testsuite> <!-- Default test -->
