<?xml version="1.0" encoding="UTF-8"?>
<!-- Generated by org.testng.reporters.JUnitXMLReporter -->
<testsuite hostname="DESKTOP-7155NU9" ignored="0" name="Test" tests="8" failures="0" timestamp="2023-01-07T14:12:17 IST" time="0.154" errors="0">
  <testcase name="testMethod1" time="0.019" classname="parallelexecution.parallelexeccution"/>
  <testcase name="testMethod2" time="0.02" classname="parallelexecution.parallelexeccution"/>
  <testcase name="testMethod3" time="0.02" classname="parallelexecution.parallelexeccution"/>
  <testcase name="testMethod5" time="0.004" classname="parallelexecution.parallelexeccution2"/>
  <testcase name="testMethod4" time="0.011" classname="parallelexecution.parallelexeccution"/>
  <testcase name="testMethod6" time="0.012" classname="parallelexecution.parallelexeccution2"/>
  <testcase name="testMethod8" time="0.006" classname="parallelexecution.parallelexeccution2"/>
  <testcase name="testMethod7" time="0.016" classname="parallelexecution.parallelexeccution2"/>
</testsuite> <!-- Test -->
