<?xml version="1.0" encoding="UTF-8"?>
<testng-results skipped="0" failed="0" ignored="0" total="8" passed="8">
  <reporter-output>
  </reporter-output>
  <suite name="Suite" duration-ms="154" started-at="2023-01-07T14:12:16 IST" finished-at="2023-01-07T14:12:17 IST">
    <groups>
    </groups>
    <test name="Test" duration-ms="154" started-at="2023-01-07T14:12:16 IST" finished-at="2023-01-07T14:12:17 IST">
      <class name="parallelexecution.parallelexeccution">
        <test-method status="PASS" signature="testMethod2()[pri:0, instance:parallelexecution.parallelexeccution@2f943d71]" name="testMethod2" duration-ms="20" started-at="2023-01-07T14:12:17 IST" finished-at="2023-01-07T14:12:17 IST">
          <reporter-output>
          </reporter-output>
        </test-method> <!-- testMethod2 -->
        <test-method status="PASS" signature="testMethod1()[pri:0, instance:parallelexecution.parallelexeccution@2f943d71]" name="testMethod1" duration-ms="19" started-at="2023-01-07T14:12:17 IST" finished-at="2023-01-07T14:12:17 IST">
          <reporter-output>
          </reporter-output>
        </test-method> <!-- testMethod1 -->
        <test-method status="PASS" signature="testMethod3()[pri:0, instance:parallelexecution.parallelexeccution@2f943d71]" name="testMethod3" duration-ms="20" started-at="2023-01-07T14:12:17 IST" finished-at="2023-01-07T14:12:17 IST">
          <reporter-output>
          </reporter-output>
        </test-method> <!-- testMethod3 -->
        <test-method status="PASS" signature="testMethod4()[pri:0, instance:parallelexecution.parallelexeccution@2f943d71]" name="testMethod4" duration-ms="11" started-at="2023-01-07T14:12:17 IST" finished-at="2023-01-07T14:12:17 IST">
          <reporter-output>
          </reporter-output>
        </test-method> <!-- testMethod4 -->
      </class> <!-- parallelexecution.parallelexeccution -->
      <class name="parallelexecution.parallelexeccution2">
        <test-method status="PASS" signature="testMethod5()[pri:0, instance:parallelexecution.parallelexeccution2@307f6b8c]" name="testMethod5" duration-ms="4" started-at="2023-01-07T14:12:17 IST" finished-at="2023-01-07T14:12:17 IST">
          <reporter-output>
          </reporter-output>
        </test-method> <!-- testMethod5 -->
        <test-method status="PASS" signature="testMethod6()[pri:0, instance:parallelexecution.parallelexeccution2@307f6b8c]" name="testMethod6" duration-ms="12" started-at="2023-01-07T14:12:17 IST" finished-at="2023-01-07T14:12:17 IST">
          <reporter-output>
          </reporter-output>
        </test-method> <!-- testMethod6 -->
        <test-method status="PASS" signature="testMethod7()[pri:0, instance:parallelexecution.parallelexeccution2@307f6b8c]" name="testMethod7" duration-ms="16" started-at="2023-01-07T14:12:17 IST" finished-at="2023-01-07T14:12:17 IST">
          <reporter-output>
          </reporter-output>
        </test-method> <!-- testMethod7 -->
        <test-method status="PASS" signature="testMethod8()[pri:0, instance:parallelexecution.parallelexeccution2@307f6b8c]" name="testMethod8" duration-ms="6" started-at="2023-01-07T14:12:17 IST" finished-at="2023-01-07T14:12:17 IST">
          <reporter-output>
          </reporter-output>
        </test-method> <!-- testMethod8 -->
      </class> <!-- parallelexecution.parallelexeccution2 -->
    </test> <!-- Test -->
  </suite> <!-- Suite -->
</testng-results>
